============================= test session starts =============================
platform win32 -- Python 3.13.14, pytest-9.0.2, pluggy-1.6.0
rootdir: D:\vibe-coding\scrap_sns
configfile: pytest.ini
plugins: anyio-4.12.1, Faker-40.28.1, asyncio-1.3.0, base-url-2.1.0, cov-7.0.0, playwright-0.7.2
asyncio: mode=Mode.STRICT, debug=False, asyncio_default_fixture_loop_scope=None, asyncio_default_test_loop_scope=function
collected 290 items

tests\e2e\test_tag_suggestion_ui.py ...                                  [  1%]
tests\e2e\test_viewer_console_cleanup_ui.py ...                          [  2%]
tests\e2e\test_metric_layout_ui.py ............                          [  6%]
tests\unit\test_agy_client.py .....................                      [ 13%]
tests\unit\test_auth_paths.py ...                                        [ 14%]
tests\unit\test_backfill_local_images.py .                               [ 14%]
tests\unit\test_common.py ....                                           [ 16%]
tests\unit\test_export_x_artifacts.py ......                             [ 18%]
tests\unit\test_json_to_md.py .                                          [ 18%]
tests\unit\test_linkedin_auth_wait.py ...                                [ 19%]
tests\unit\test_linkedin_full_merge.py ..                                [ 20%]
tests\unit\test_linkedin_merge_metrics_guard.py ..........               [ 23%]
tests\unit\test_linkedin_metrics.py ............................         [ 33%]
tests\unit\test_linkedin_opencli_shadow_parse.py ...                     [ 34%]
tests\unit\test_linkedin_parser.py ....                                  [ 35%]
tests\unit\test_migrate_threads_domain.py .....                          [ 37%]
tests\unit\test_parsers.py ....                                          [ 38%]
tests\unit\test_post_meta.py ..........                                  [ 42%]
tests\unit\test_post_schema.py ...                                       [ 43%]
tests\unit\test_recover_threads_detail_failures.py .                     [ 43%]
tests\unit\test_thread_scrap_dom_scan.py ...                             [ 44%]
tests\unit\test_thread_scrap_single_redirect_alias.py ...                [ 45%]
tests\unit\test_threads_http_adapter.py .........                        [ 48%]
tests\unit\test_threads_metrics.py ..................                    [ 55%]
tests\unit\test_threads_parser.py ...                                    [ 56%]
tests\unit\test_threads_parser_media_shape.py .....................      [ 63%]
tests\unit\test_threads_schema_guard.py ....                             [ 64%]
tests\unit\test_total_scrap_local_images.py ..                           [ 65%]
tests\unit\test_total_scrap_orchestration.py ......                      [ 67%]
tests\unit\test_total_scrap_redirect_alias.py .                          [ 67%]
tests\unit\test_total_scrap_should_run_consumer.py .                     [ 68%]
tests\unit\test_twitter_auth_detection.py ......                         [ 70%]
tests\unit\test_twitter_cli_adapter.py ..................                [ 76%]
tests\unit\test_twitter_parser.py ..                                     [ 77%]
tests\unit\test_web_viewer_auto_tagging.py .......                       [ 79%]
tests\unit\test_web_viewer_bulk_selection.py .....                       [ 81%]
tests\unit\test_web_viewer_copy_string.py .                              [ 81%]
tests\unit\test_web_viewer_expandable_text.py ...                        [ 82%]
tests\unit\test_web_viewer_linkify_text.py ....                          [ 84%]
tests\unit\test_web_viewer_resolve_post_url.py ..                        [ 84%]
tests\unit\test_web_viewer_scrap_result_helpers.py ........              [ 87%]
tests\unit\test_web_viewer_search_helpers.py ..                          [ 88%]
tests\unit\test_web_viewer_user_metadata.py ......                       [ 90%]
tests\unit\test_x_auth_probe.py .....                                    [ 92%]
tests\unit\test_youtube_transcript.py .......................            [100%]

======================= 290 passed in 139.26s (0:02:19) =======================
